[00:02:44] Info: Run Rbbbe11a3c
[00:02:45] Info: (2025-05-20) Run Baysor v0.6.2
[00:02:45] Info: Loading data...
[00:02:55] Info: Excluding genes: ADCYAP1, ADRA2C, AGT, ALPL, APOE, ATF3, ATP2B4, CACNA2D1, CACNA2D2, CALCA, CALCB, CASQ2, CCK, CD74, CDH1, CHRNA3, CHRNA7, CPNE4, CST3, DCN, DOC2A, EDNRA, EHD3, ENTPD3, FABP7, GFRA2, GFRA3, GLDN, GPR68, HRH1, HRH2, HTR3A, IGFBP7, IL31RA, INA, KCNA4, KCND1, KCNG4, KCNV1, KIT, MGP, MPZ, MRGPRD, MRGPRX1, MRGPRX3, MRGPRX4, NEFH, NEFL, NMB, NPPB, NTRK1, NTRK2, NTRK3, OPRD1, OPRK1, OPRM1, OSMR, P2RY1, PCDH7, PCP4, PDGFRA, PIEZO1, PIEZO2, PLCB3, POU4F1, PRDM12, PTGDR, PTGER3, PTGIR, PTPRC, PVALB, REEP5, RET, S100A16, S100A4, SCG2, SCG3, SCN10A, SCN11A, SCN7A, SCN9A, SCRG1, SEMA6A, SERPINA1, SFRP1, SLC17A6, SLC17A7, SLC17A8, SST, STUM, SYP, TAC1, TINAGL1, TMEM273, TRPA1, TRPM8, TRPV1, UCN, WLS
[00:02:55] Info: Loaded 360744 transcripts
[00:02:57] Info: Estimating noise level
[00:03:05] Info: Done
[00:03:21] Info: Clustering molecules...
[00:03:35] Info: Algorithm stopped after 158 iterations. Error: 0.00531. Converged: true.
[00:03:35] Info: Done
[00:03:36] Info: Initializing algorithm. Scale: 10.0, scale std: 1.5, initial #components: 7214, #molecules: 360744.
[00:03:37] Info: Using the following additional information about molecules: [:confidence, :cluster]
[00:03:37] Info: Using 3D coordinates
[00:05:35] Info: Processing complete.
[00:05:36] Info: Estimating local colors
[00:07:32] Info: Estimating boundary polygons
[00:07:37] Warning: To many values of z. Using 2D polygons
└ Baysor.Processing /home/yhs/.julia/packages/Baysor/nJ00T/src/processing/data_processing/boundary_estimation.jl:143
[00:07:37] Info: Saving results to /media/yhs/5596744f-db7c-442f-9235-d0c9d50c0a6b/Xenium_segementation/Baysor/DRG_1_scale/Trial6/segmentation.csv
[00:07:44] Info: Plotting results
[00:07:48] Info: Plot diagnostics
[00:07:50] Info: Plot transcript assignment
[00:07:50] Warning: Keyword argument `bgcolor` is deprecated, use `backgroundcolor` instead.
└ Makie /home/yhs/.julia/packages/Makie/RgxaV/src/makielayout/blocks/legend.jl:23
[00:07:54] Info: All done!
