[21:27:38] Info: Run R19fc8f678
[21:27:38] Info: (2024-12-23) Run Baysor v0.6.2
[21:27:38] Info: Loading data...
[21:27:47] Info: Excluding genes: ADCYAP1, ADRA2C, AGT, ALPL, APOE, ATF3, ATP2B4, CACNA2D1, CACNA2D2, CALCA, CALCB, CASQ2, CCK, CD74, CDH1, CHRNA3, CHRNA7, CPNE4, CST3, DCN, DOC2A, EDNRA, EHD3, ENTPD3, FABP7, GFRA2, GFRA3, GLDN, GPR68, HRH1, HRH2, HTR3A, IGFBP7, IL31RA, INA, KCNA4, KCND1, KCNG4, KCNV1, KIT, MGP, MPZ, MRGPRD, MRGPRX1, MRGPRX3, MRGPRX4, NEFH, NEFL, NMB, NPPB, NTRK1, NTRK2, NTRK3, OPRD1, OPRK1, OPRM1, OSMR, P2RY1, PCDH7, PCP4, PDGFRA, PIEZO1, PIEZO2, PLCB3, POU4F1, PRDM12, PTGDR, PTGER3, PTGIR, PTPRC, PVALB, REEP5, RET, S100A16, S100A4, SCG2, SCG3, SCN10A, SCN11A, SCN7A, SCN9A, SCRG1, SEMA6A, SERPINA1, SFRP1, SLC17A6, SLC17A7, SLC17A8, SST, STUM, SYP, TAC1, TINAGL1, TMEM273, TRPA1, TRPM8, TRPV1, UCN, WLS
[21:27:47] Info: Loaded 231710 transcripts
[21:27:49] Info: Estimating noise level
[21:27:55] Info: Done
[21:28:13] Info: Clustering molecules...
[21:28:24] Info: Algorithm stopped after 194 iterations. Error: 0.00472. Converged: true.
[21:28:25] Info: Done
[21:28:25] Info: Initializing algorithm. Scale: 15.0, scale std: 2.25, initial #components: 2316, #molecules: 231710.
[21:28:25] Info: Using the following additional information about molecules: [:confidence, :cluster]
[21:28:25] Info: Using 3D coordinates
[21:29:39] Info: Processing complete.
[21:29:39] Info: Estimating local colors
[21:31:24] Info: Estimating boundary polygons
[21:31:27] Warning: To many values of z. Using 2D polygons
└ Baysor.Processing /home/yhs/.julia/packages/Baysor/nJ00T/src/processing/data_processing/boundary_estimation.jl:143
[21:31:27] Info: Saving results to /media/yhs/5596744f-db7c-442f-9235-d0c9d50c0a6b/Xenium_segementation/Baysor/Baysor_DRG4_Trial9/segmentation.csv
[21:31:34] Info: Plotting results
[21:31:37] Info: Plot diagnostics
[21:31:39] Info: Plot transcript assignment
[21:31:40] Warning: Keyword argument `bgcolor` is deprecated, use `backgroundcolor` instead.
└ Makie /home/yhs/.julia/packages/Makie/RgxaV/src/makielayout/blocks/legend.jl:23
[21:31:42] Info: All done!
