[16:59:23] Info: Run R0bac36f2b
[16:59:23] Info: (2025-03-21) Run Baysor v0.6.2
[16:59:23] Info: Loading data...
[16:59:31] Info: Excluding genes: ADCYAP1, ADRA2C, AGT, ALPL, APOE, ATF3, ATP2B4, CACNA2D1, CACNA2D2, CALCA, CALCB, CASQ2, CCK, CD74, CDH1, CHRNA3, CHRNA7, CPNE4, CST3, DCN, DOC2A, EDNRA, EHD3, ENTPD3, FABP7, GFRA2, GFRA3, GLDN, GPR68, HRH1, HRH2, HTR3A, IGFBP7, IL31RA, INA, KCNA4, KCND1, KCNG4, KCNV1, KIT, MGP, MPZ, MRGPRD, MRGPRX1, MRGPRX3, MRGPRX4, NEFH, NEFL, NMB, NPPB, NTRK1, NTRK2, NTRK3, OPRD1, OPRK1, OPRM1, OSMR, P2RY1, PCDH7, PCP4, PDGFRA, PIEZO1, PIEZO2, PLCB3, POU4F1, PRDM12, PTGDR, PTGER3, PTGIR, PTPRC, PVALB, REEP5, RET, S100A16, S100A4, SCG2, SCG3, SCN10A, SCN11A, SCN7A, SCN9A, SCRG1, SEMA6A, SERPINA1, SFRP1, SLC17A6, SLC17A7, SLC17A8, SST, STUM, SYP, TAC1, TINAGL1, TMEM273, TRPA1, TRPM8, TRPV1, UCN, WLS
[16:59:31] Info: Loaded 201147 transcripts
[16:59:33] Info: Estimating noise level
[16:59:46] Info: Done
[17:00:03] Info: Clustering molecules...
[17:00:15] Info: Algorithm stopped after 247 iterations. Error: 0.000618. Converged: true.
[17:00:15] Info: Done
[17:00:15] Info: Initializing algorithm. Scale: 15.0, scale std: 2.25, initial #components: 502, #molecules: 201147.
[17:00:16] Info: Using the following additional information about molecules: [:confidence, :cluster]
[17:00:16] Info: Using 3D coordinates
[17:01:09] Info: Processing complete.
[17:01:09] Info: Estimating local colors
[17:02:35] Info: Estimating boundary polygons
[17:02:37] Warning: To many values of z. Using 2D polygons
└ Baysor.Processing /home/yhs/.julia/packages/Baysor/nJ00T/src/processing/data_processing/boundary_estimation.jl:143
[17:02:37] Info: Saving results to /media/yhs/5596744f-db7c-442f-9235-d0c9d50c0a6b/Xenium_segementation/Baysor/Trial_2/segmentation.csv
[17:02:44] Info: Plotting results
[17:02:47] Info: Plot diagnostics
[17:02:49] Info: Plot transcript assignment
[17:02:50] Warning: Keyword argument `bgcolor` is deprecated, use `backgroundcolor` instead.
└ Makie /home/yhs/.julia/packages/Makie/RgxaV/src/makielayout/blocks/legend.jl:23
[17:02:51] Info: All done!
