[16:43:32] Info: Run Rc1f7112a6
[16:43:32] Info: (2025-04-25) Run Baysor v0.6.2
[16:43:32] Info: Loading data...
[16:43:43] Info: Excluding genes: ADCYAP1, ADRA2C, AGT, ALPL, APOE, ATF3, ATP2B4, CACNA2D1, CACNA2D2, CALCA, CALCB, CASQ2, CCK, CD74, CDH1, CHRNA3, CHRNA7, CPNE4, CST3, DCN, DOC2A, EDNRA, EHD3, ENTPD3, FABP7, GFRA2, GFRA3, GLDN, GPR68, HRH1, HRH2, HTR3A, IGFBP7, IL31RA, INA, KCNA4, KCND1, KCNG4, KCNV1, KIT, MGP, MPZ, MRGPRD, MRGPRX1, MRGPRX3, MRGPRX4, NEFH, NEFL, NMB, NPPB, NTRK1, NTRK2, NTRK3, OPRD1, OPRK1, OPRM1, OSMR, P2RY1, PCDH7, PCP4, PDGFRA, PIEZO1, PIEZO2, PLCB3, POU4F1, PRDM12, PTGDR, PTGER3, PTGIR, PTPRC, PVALB, REEP5, RET, S100A16, S100A4, SCG2, SCG3, SCN10A, SCN11A, SCN7A, SCN9A, SCRG1, SEMA6A, SERPINA1, SFRP1, SLC17A6, SLC17A7, SLC17A8, SST, STUM, SYP, TAC1, TINAGL1, TMEM273, TRPA1, TRPM8, TRPV1, UCN, WLS
[16:43:43] Info: Loaded 360744 transcripts
[16:43:45] Info: Estimating noise level
[16:43:52] Info: Done
[16:44:07] Info: Clustering molecules...
[16:44:22] Info: Algorithm stopped after 158 iterations. Error: 0.00531. Converged: true.
[16:44:22] Info: Done
[16:44:22] Info: Initializing algorithm. Scale: 15.0, scale std: 2.25, initial #components: 7214, #molecules: 360744.
[16:44:23] Info: Using the following additional information about molecules: [:confidence, :cluster]
[16:44:23] Info: Using 3D coordinates
[16:46:04] Info: Processing complete.
[16:46:05] Info: Estimating local colors
[16:47:58] Info: Estimating boundary polygons
[16:48:02] Warning: To many values of z. Using 2D polygons
└ Baysor.Processing /home/yhs/.julia/packages/Baysor/nJ00T/src/processing/data_processing/boundary_estimation.jl:143
[16:48:02] Info: Saving results to /media/yhs/5596744f-db7c-442f-9235-d0c9d50c0a6b/Xenium_segementation/Baysor/DRG_1_1gene/DRG_1_5/segmentation.csv
[16:48:10] Info: Plotting results
[16:48:13] Info: Plot diagnostics
[16:48:14] Info: Plot transcript assignment
[16:48:15] Warning: Keyword argument `bgcolor` is deprecated, use `backgroundcolor` instead.
└ Makie /home/yhs/.julia/packages/Makie/RgxaV/src/makielayout/blocks/legend.jl:23
[16:48:18] Info: All done!
