[20:59:49] Info: Run Rdba823c5c
[20:59:49] Info: (2024-12-23) Run Baysor v0.6.2
[20:59:49] Info: Loading data...
[20:59:59] Info: Excluding genes: ADCYAP1, ADRA2C, AGT, ALPL, APOE, ATF3, ATP2B4, CACNA2D1, CACNA2D2, CALCA, CALCB, CASQ2, CCK, CD74, CDH1, CHRNA3, CHRNA7, CPNE4, CST3, DCN, DOC2A, EDNRA, EHD3, ENTPD3, FABP7, GFRA2, GFRA3, GLDN, GPR68, HRH1, HRH2, HTR3A, IGFBP7, IL31RA, INA, KCNA4, KCND1, KCNG4, KCNV1, KIT, MGP, MPZ, MRGPRD, MRGPRX1, MRGPRX3, MRGPRX4, NEFH, NEFL, NMB, NPPB, NTRK1, NTRK2, NTRK3, OPRD1, OPRK1, OPRM1, OSMR, P2RY1, PCDH7, PCP4, PDGFRA, PIEZO1, PIEZO2, PLCB3, POU4F1, PRDM12, PTGDR, PTGER3, PTGIR, PTPRC, PVALB, REEP5, RET, S100A16, S100A4, SCG2, SCG3, SCN10A, SCN11A, SCN7A, SCN9A, SCRG1, SEMA6A, SERPINA1, SFRP1, SLC17A6, SLC17A7, SLC17A8, SST, STUM, SYP, TAC1, TINAGL1, TMEM273, TRPA1, TRPM8, TRPV1, UCN, WLS
[20:59:59] Info: Loaded 231710 transcripts
[21:00:00] Info: Estimating noise level
[21:00:12] Info: Done
[21:00:30] Info: Clustering molecules...
[21:00:41] Info: Algorithm stopped after 183 iterations. Error: 0.00224. Converged: true.
[21:00:41] Info: Done
[21:00:41] Info: Initializing algorithm. Scale: 15.0, scale std: 2.25, initial #components: 772, #molecules: 231710.
[21:00:42] Info: Using the following additional information about molecules: [:confidence, :cluster]
[21:00:42] Info: Using 3D coordinates
[21:01:49] Info: Processing complete.
[21:01:50] Info: Estimating local colors
[21:03:27] Info: Estimating boundary polygons
[21:03:31] Warning: To many values of z. Using 2D polygons
└ Baysor.Processing /home/yhs/.julia/packages/Baysor/nJ00T/src/processing/data_processing/boundary_estimation.jl:143
[21:03:31] Info: Saving results to /media/yhs/5596744f-db7c-442f-9235-d0c9d50c0a6b/Xenium_segementation/Baysor/Baysor_DRG4_Trial5/segmentation.csv
[21:03:38] Info: Plotting results
[21:03:42] Info: Plot diagnostics
[21:03:43] Info: Plot transcript assignment
[21:03:44] Warning: Keyword argument `bgcolor` is deprecated, use `backgroundcolor` instead.
└ Makie /home/yhs/.julia/packages/Makie/RgxaV/src/makielayout/blocks/legend.jl:23
[21:03:46] Info: All done!
