[16:17:13] Info: Run Rc77bafd3c
[16:17:13] Info: (2025-03-21) Run Baysor v0.6.2
[16:17:13] Info: Loading data...
[16:17:22] Info: Excluding genes: ADCYAP1, ADRA2C, AGT, ALPL, APOE, ATF3, ATP2B4, CACNA2D1, CACNA2D2, CALCA, CALCB, CASQ2, CCK, CD74, CDH1, CHRNA3, CHRNA7, CPNE4, CST3, DCN, DOC2A, EDNRA, EHD3, ENTPD3, FABP7, GFRA2, GFRA3, GLDN, GPR68, HRH1, HRH2, HTR3A, IGFBP7, IL31RA, INA, KCNA4, KCND1, KCNG4, KCNV1, KIT, MGP, MPZ, MRGPRD, MRGPRX1, MRGPRX3, MRGPRX4, NEFH, NEFL, NMB, NPPB, NTRK1, NTRK2, NTRK3, OPRD1, OPRK1, OPRM1, OSMR, P2RY1, PCDH7, PCP4, PDGFRA, PIEZO1, PIEZO2, PLCB3, POU4F1, PRDM12, PTGDR, PTGER3, PTGIR, PTPRC, PVALB, REEP5, RET, S100A16, S100A4, SCG2, SCG3, SCN10A, SCN11A, SCN7A, SCN9A, SCRG1, SEMA6A, SERPINA1, SFRP1, SLC17A6, SLC17A7, SLC17A8, SST, STUM, SYP, TAC1, TINAGL1, TMEM273, TRPA1, TRPM8, TRPV1, UCN, WLS
[16:17:22] Info: Loaded 239071 transcripts
[16:17:24] Info: Estimating noise level
[16:17:30] Info: Done
[16:17:45] Info: Clustering molecules...
[16:17:47] Warning: ICA did not converge, fall back to random initialization
└ Baysor.Processing /home/yhs/.julia/packages/Baysor/nJ00T/src/processing/bmm_algorithm/molecule_clustering.jl:147
[16:17:50] Info: Algorithm stopped after 21 iterations. Error: 0.000782. Converged: true.
[16:17:50] Info: Done
[16:17:50] Info: Initializing algorithm. Scale: 15.0, scale std: 2.25, initial #components: 4780, #molecules: 239071.
[16:17:51] Info: Using the following additional information about molecules: [:confidence, :cluster]
[16:17:51] Info: Using 3D coordinates
[16:19:01] Info: Processing complete.
[16:19:01] Info: Estimating local colors
[16:20:55] Info: Estimating boundary polygons
[16:20:58] Warning: To many values of z. Using 2D polygons
└ Baysor.Processing /home/yhs/.julia/packages/Baysor/nJ00T/src/processing/data_processing/boundary_estimation.jl:143
[16:20:58] Info: Saving results to /media/yhs/5596744f-db7c-442f-9235-d0c9d50c0a6b/Xenium_segementation/Baysor/Trial_5/segmentation.csv
[16:21:05] Info: Plotting results
[16:21:08] Info: Plot diagnostics
[16:21:10] Info: Plot transcript assignment
[16:21:11] Warning: Keyword argument `bgcolor` is deprecated, use `backgroundcolor` instead.
└ Makie /home/yhs/.julia/packages/Makie/RgxaV/src/makielayout/blocks/legend.jl:23
[16:21:13] Info: All done!
