[17:59:41] Info: Run Rd55010b05
[17:59:41] Info: (2025-03-21) Run Baysor v0.6.2
[17:59:41] Info: Loading data...
[17:59:50] Info: Excluding genes: ADCYAP1, ADRA2C, AGT, ALPL, APOE, ATF3, ATP2B4, CACNA2D1, CACNA2D2, CALCA, CALCB, CASQ2, CCK, CD74, CDH1, CHRNA3, CHRNA7, CPNE4, CST3, DCN, DOC2A, EDNRA, EHD3, ENTPD3, FABP7, GFRA2, GFRA3, GLDN, GPR68, HRH1, HRH2, HTR3A, IGFBP7, IL31RA, INA, KCNA4, KCND1, KCNG4, KCNV1, KIT, MGP, MPZ, MRGPRD, MRGPRX1, MRGPRX3, MRGPRX4, NEFH, NEFL, NMB, NPPB, NTRK1, NTRK2, NTRK3, OPRD1, OPRK1, OPRM1, OSMR, P2RY1, PCDH7, PCP4, PDGFRA, PIEZO1, PIEZO2, PLCB3, POU4F1, PRDM12, PTGDR, PTGER3, PTGIR, PTPRC, PVALB, REEP5, RET, S100A16, S100A4, SCG2, SCG3, SCN10A, SCN11A, SCN7A, SCN9A, SCRG1, SEMA6A, SERPINA1, SFRP1, SLC17A6, SLC17A7, SLC17A8, SST, STUM, SYP, TAC1, TINAGL1, TMEM273, TRPA1, TRPM8, TRPV1, UCN, WLS
[17:59:50] Info: Loaded 201147 transcripts
[17:59:52] Info: Estimating noise level
[17:59:55] Info: Done
[18:00:11] Info: Clustering molecules...
[18:00:21] Info: Algorithm stopped after 186 iterations. Error: 0.00737. Converged: true.
[18:00:22] Info: Done
[18:00:22] Info: Initializing algorithm. Scale: 15.0, scale std: 2.25, initial #components: 134098, #molecules: 201147.
[18:00:24] Info: Using the following additional information about molecules: [:confidence, :cluster]
[18:00:24] Info: Using 3D coordinates
[18:02:19] Info: Processing complete.
[18:02:21] Info: Estimating local colors
[18:04:16] Info: Estimating boundary polygons
[18:04:19] Warning: To many values of z. Using 2D polygons
└ Baysor.Processing /home/yhs/.julia/packages/Baysor/nJ00T/src/processing/data_processing/boundary_estimation.jl:143
[18:04:19] Info: Saving results to /media/yhs/5596744f-db7c-442f-9235-d0c9d50c0a6b/Xenium_segementation/Baysor/Trial_7/segmentation.csv
[18:04:25] Info: Plotting results
[18:04:29] Info: Plot diagnostics
[18:04:31] Info: Plot transcript assignment
[18:04:31] Warning: Keyword argument `bgcolor` is deprecated, use `backgroundcolor` instead.
└ Makie /home/yhs/.julia/packages/Makie/RgxaV/src/makielayout/blocks/legend.jl:23
[18:04:39] Info: All done!
