[19:08:53] Info: Run R1b9e8c031
[19:08:53] Info: (2025-05-19) Run Baysor v0.6.2
[19:08:53] Info: Loading data...
[19:09:04] Info: Excluding genes: ADCYAP1, ADRA2C, AGT, ALPL, APOE, ATF3, ATP2B4, CACNA2D1, CACNA2D2, CALCA, CALCB, CASQ2, CCK, CD74, CDH1, CHRNA3, CHRNA7, CPNE4, CST3, DCN, DOC2A, EDNRA, EHD3, ENTPD3, FABP7, GFRA2, GFRA3, GLDN, GPR68, HRH1, HRH2, HTR3A, IGFBP7, IL31RA, INA, KCNA4, KCND1, KCNG4, KCNV1, KIT, MGP, MPZ, MRGPRD, MRGPRX1, MRGPRX3, MRGPRX4, NEFH, NEFL, NMB, NPPB, NTRK1, NTRK2, NTRK3, OPRD1, OPRK1, OPRM1, OSMR, P2RY1, PCDH7, PCP4, PDGFRA, PIEZO1, PIEZO2, PLCB3, POU4F1, PRDM12, PTGDR, PTGER3, PTGIR, PTPRC, PVALB, REEP5, RET, S100A16, S100A4, SCG2, SCG3, SCN10A, SCN11A, SCN7A, SCN9A, SCRG1, SEMA6A, SERPINA1, SFRP1, SLC17A6, SLC17A7, SLC17A8, SST, STUM, SYP, TAC1, TINAGL1, TMEM273, TRPA1, TRPM8, TRPV1, UCN, WLS
[19:09:04] Info: Loaded 360744 transcripts
[19:09:05] Info: Estimating noise level
[19:09:12] Info: Done
[19:09:28] Info: Clustering molecules...
[19:09:43] Info: Algorithm stopped after 158 iterations. Error: 0.00531. Converged: true.
[19:09:43] Info: Done
[19:09:43] Info: Initializing algorithm. Scale: 80.0, scale std: 12.0, initial #components: 7214, #molecules: 360744.
[19:09:44] Info: Using the following additional information about molecules: [:confidence, :cluster]
[19:09:44] Info: Using 3D coordinates
[19:11:27] Info: Processing complete.
[19:11:28] Info: Estimating local colors
[19:13:22] Info: Estimating boundary polygons
[19:13:30] Warning: To many values of z. Using 2D polygons
└ Baysor.Processing /home/yhs/.julia/packages/Baysor/nJ00T/src/processing/data_processing/boundary_estimation.jl:143
[19:13:30] Info: Saving results to /media/yhs/5596744f-db7c-442f-9235-d0c9d50c0a6b/Xenium_segementation/Baysor/DRG_1_scale/Trial3/segmentation.csv
[19:13:37] Info: Plotting results
[19:13:41] Info: Plot diagnostics
[19:13:42] Info: Plot transcript assignment
[19:13:43] Warning: Keyword argument `bgcolor` is deprecated, use `backgroundcolor` instead.
└ Makie /home/yhs/.julia/packages/Makie/RgxaV/src/makielayout/blocks/legend.jl:23
[19:13:46] Info: All done!
